Arguments: 
  /usr/local/Cellar/node/7.5.0/bin/node /usr/local/bin/yarn build

PATH: 
  /Library/Frameworks/Python.framework/Versions/3.6/bin:/Library/Frameworks/Python.framework/Versions/2.7/bin:/Users/ericzhu/.local/bin:/usr/bin:/bin:/usr/sbin:/sbin:/usr/local/bin:/Users/ericzhu/bin

Yarn version: 
  0.27.5

Node version: 
  7.5.0

Platform: 
  darwin x64

npm manifest: 
  {
    "name": "a-carousel",
    "version": "1.0.12",
    "description": "",
    "main": "build/index.js",
    "scripts": {
      "test": "echo \"Error: no test specified\" && exit 1",
      "build": "babel src/index.js -d build",
      "build:dev": "webpack --watch"
      "lint": "./node_modules/.bin/eslint src/**",
      "lint:watch": "esw --watch src/**",
      "prepublish": "npm run build"
    },
    "author": "",
    "license": "ISC",
    "devDependencies": {
      "babel-core": "^6.26.0",
      "babel-eslint": "^7.2.3",
      "babel-loader": "^7.1.2",
      "babel-preset-es2015": "^6.24.1",
      "babel-preset-react": "^6.24.1",
      "eslint": "^4.6.1",
      "eslint-config-airbnb": "^15.1.0",
      "eslint-plugin-import": "^2.7.0",
      "eslint-plugin-jsx-a11y": "^5.1.1",
      "eslint-plugin-react": "^7.3.0"
    },
    "dependencies": {
      "react": "^15.6.1",
      "react-dom": "^15.6.1"
    }
  }

yarn manifest: 
  No manifest

Lockfile: 
  No lockfile

Trace: 
  SyntaxError: /Users/ericzhu/carousel/package.json: Unexpected string in JSON at position 255
      at JSON.parse (<anonymous>)
      at /usr/local/lib/node_modules/yarn/lib/util/fs.js:554:57
      at Generator.next (<anonymous>)
      at step (/usr/local/lib/node_modules/yarn/node_modules/babel-runtime/helpers/asyncToGenerator.js:17:30)
      at /usr/local/lib/node_modules/yarn/node_modules/babel-runtime/helpers/asyncToGenerator.js:28:13
